<?xml version="1.0" encoding="UTF-8"?>
<!-- Generated by org.testng.reporters.JUnitXMLReporter -->
<testsuite hostname="DESKTOP-UVENGDO" name="ToolQA" tests="7" failures="0" timestamp="10 Jul 2017 14:56:59 GMT" time="7.728" errors="0">
  <testcase name="testStart" time="3.053" classname="BitrixShopTests.Start"/>
  <testcase name="testAddProduct" time="0.887" classname="BitrixShopTests.AddManTsClearly"/>
  <testcase name="testAddProduct" time="1.031" classname="BitrixShopTests.AddWomanTsClearly"/>
  <testcase name="testAddProduct" time="1.143" classname="BitrixShopTests.AddWomanTsNight"/>
  <testcase name="add1" time="0.0" classname="BitrixShopTests.GetThreeProductsDataFromSite"/>
  <testcase name="add2" time="0.001" classname="BitrixShopTests.GetThreeProductsDataFromSite"/>
  <testcase name="add3" time="0.001" classname="BitrixShopTests.GetThreeProductsDataFromSite"/>
</testsuite> <!-- ToolQA -->
