<?xml version="1.0" encoding="UTF-8"?>
<!-- Generated by org.testng.reporters.JUnitXMLReporter -->
<testsuite hostname="DESKTOP-UVENGDO" name="ToolQA2_cc" tests="5" failures="0" timestamp="12 Jul 2017 06:24:13 GMT" time="3.61" errors="0">
  <testcase name="testEditCart" time="3.518" classname="BitrixShopTests.EditCart"/>
  <testcase name="testEditModel" time="0.001" classname="BitrixShopTests.EditModel"/>
  <testcase name="testGetSumFromSite" time="0.042" classname="BitrixShopTests.CheckSum2"/>
  <testcase name="sumFromModel" time="0.0" classname="BitrixShopTests.CheckSum2"/>
  <testcase name="compareSums" time="0.043" classname="BitrixShopTests.CheckSum2"/>
</testsuite> <!-- ToolQA2_cc -->
