<?xml version="1.0" encoding="UTF-8"?>
<testng-results skipped="0" failed="0" total="1" passed="1">
  <reporter-output>
  </reporter-output>
  <suite name="Default suite" duration-ms="20" started-at="2017-09-06T08:15:23Z" finished-at="2017-09-06T08:15:23Z">
    <groups>
    </groups>
    <test name="Default test" duration-ms="20" started-at="2017-09-06T08:15:23Z" finished-at="2017-09-06T08:15:23Z">
      <class name="Lion.Test.BehaviorTest">
        <test-method status="PASS" signature="startFromHungry()[pri:0, instance:Lion.Test.BehaviorTest@3532ec19]" name="startFromHungry" duration-ms="9" started-at="2017-09-06T11:15:23Z" finished-at="2017-09-06T11:15:23Z">
          <reporter-output>
          </reporter-output>
        </test-method> <!-- startFromHungry -->
      </class> <!-- Lion.Test.BehaviorTest -->
    </test> <!-- Default test -->
  </suite> <!-- Default suite -->
</testng-results>
