<?xml version="1.0" encoding="UTF-8"?>
<!-- Generated by org.testng.reporters.JUnitXMLReporter -->
<testsuite hostname="DESKTOP-UVENGDO" name="ToolQA_cc" tests="12" failures="0" timestamp="20 Jul 2017 13:38:30 GMT" time="9.966" errors="0">
  <testcase name="testStart" time="3.843" classname="BitrixShopTests.Start"/>
  <testcase name="testAddProduct" time="0.872" classname="BitrixShopTests.AddManTsClearly"/>
  <testcase name="testAddProduct" time="0.934" classname="BitrixShopTests.AddWomanTsClearly"/>
  <testcase name="testAddProduct" time="0.918" classname="BitrixShopTests.AddWomanTsNight"/>
  <testcase name="add1" time="0.0" classname="BitrixShopTests.GetThreeProductsDataFromSite"/>
  <testcase name="add2" time="0.0" classname="BitrixShopTests.GetThreeProductsDataFromSite"/>
  <testcase name="add3" time="0.0" classname="BitrixShopTests.GetThreeProductsDataFromSite"/>
  <testcase name="testEditModel" time="0.0" classname="BitrixShopTests.EditModel"/>
  <testcase name="testEditCart" time="3.306" classname="BitrixShopTests.EditCart"/>
  <testcase name="testGetSumFromSite" time="0.039" classname="BitrixShopTests.CheckSum2"/>
  <testcase name="sumFromModel" time="0.001" classname="BitrixShopTests.CheckSum2"/>
  <testcase name="compareSums" time="0.041" classname="BitrixShopTests.CheckSum2"/>
</testsuite> <!-- ToolQA_cc -->
